<?xml version="1.0" encoding="UTF-8"?>
<!-- Generated by org.testng.reporters.JUnitXMLReporter -->
<testsuite ignored="0" hostname="DESKTOP-BQ6L8PU" failures="1" tests="1" name="Test" time="0.065" errors="0" timestamp="2022-08-20T01:33:54 IST">
  <testcase classname="multibrowser.multibrowser" name="TC" time="0.0">
    <failure type="org.testng.TestNGException" message="
Parameter &amp;apos;browsername&amp;apos; is required by @Test on method TC but has not been marked @Optional or defined
in C:\Eclipse\pawan testing project\mul.xml">
      <![CDATA[org.testng.TestNGException: 
Parameter 'browsername' is required by @Test on method TC but has not been marked @Optional or defined
in C:\Eclipse\pawan testing project\mul.xml
at java.base/java.util.ArrayList.forEach(ArrayList.java:1511)
... Removed 26 stack frames]]>
    </failure>
  </testcase> <!-- TC -->
</testsuite> <!-- Test -->
